CatTalk2.0/build/outputs/logs/manifest-merger-release-report.txt
-- Merging decision tree log ---
manifest
ADDED from CatTalk\CatTalk2.0\AndroidManifest.xml:2:1-521:12
	package
		ADDED from CatTalk\CatTalk2.0\AndroidManifest.xml:4:5-32
		INJECTED from CatTalk\CatTalk2.0\AndroidManifest.xml
		INJECTED from CatTalk\CatTalk2.0\AndroidManifest.xml
	android:versionName
		ADDED from CatTalk\CatTalk2.0\AndroidManifest.xml:6:5-32
		INJECTED from CatTalk\CatTalk2.0\AndroidManifest.xml
		INJECTED from CatTalk\CatTalk2.0\AndroidManifest.xml
	xmlns:tools
		ADDED from CatTalk\CatTalk2.0\AndroidManifest.xml:3:5-51
	android:versionCode
		ADDED from CatTalk\CatTalk2.0\AndroidManifest.xml:5:5-28
		INJECTED from CatTalk\CatTalk2.0\AndroidManifest.xml
		INJECTED from CatTalk\CatTalk2.0\AndroidManifest.xml
	xmlns:android
		ADDED from CatTalk\CatTalk2.0\AndroidManifest.xml:2:11-69
uses-sdk
ADDED from CatTalk\CatTalk2.0\AndroidManifest.xml:8:5-11:57
MERGED from [com.android.support:multidex:1.0.1] AndroidManifest.xml:18:5-42
MERGED from [CatTalk2.0:redpacketlibrary:unspecified] AndroidManifest.xml:7:5-9:41
MERGED from [com.hyphenate.redpacket:redpacket-alipay:1.1.2] AndroidManifest.xml:8:5-10:41
MERGED from [CatTalk2.0:EaseUI:unspecified] AndroidManifest.xml:7:5-9:41
	tools:overrideLibrary
		ADDED from CatTalk\CatTalk2.0\AndroidManifest.xml:11:9-54
	android:targetSdkVersion
		ADDED from CatTalk\CatTalk2.0\AndroidManifest.xml:10:9-38
		INJECTED from CatTalk\CatTalk2.0\AndroidManifest.xml
		INJECTED from CatTalk\CatTalk2.0\AndroidManifest.xml
	android:minSdkVersion
		ADDED from CatTalk\CatTalk2.0\AndroidManifest.xml:9:9-35
		INJECTED from CatTalk\CatTalk2.0\AndroidManifest.xml
		INJECTED from CatTalk\CatTalk2.0\AndroidManifest.xml
uses-permission#android.permission.VIBRATE
ADDED from CatTalk\CatTalk2.0\AndroidManifest.xml:13:5-66
	android:name
		ADDED from CatTalk\CatTalk2.0\AndroidManifest.xml:13:22-63
uses-permission#android.permission.INTERNET
ADDED from CatTalk\CatTalk2.0\AndroidManifest.xml:14:5-67
	android:name
		ADDED from CatTalk\CatTalk2.0\AndroidManifest.xml:14:22-64
uses-permission#android.permission.RECORD_AUDIO
ADDED from CatTalk\CatTalk2.0\AndroidManifest.xml:15:5-71
	android:name
		ADDED from CatTalk\CatTalk2.0\AndroidManifest.xml:15:22-68
uses-permission#android.permission.CAMERA
ADDED from CatTalk\CatTalk2.0\AndroidManifest.xml:16:5-65
	android:name
		ADDED from CatTalk\CatTalk2.0\AndroidManifest.xml:16:22-62
uses-permission#android.permission.ACCESS_NETWORK_STATE
ADDED from CatTalk\CatTalk2.0\AndroidManifest.xml:17:5-79
	android:name
		ADDED from CatTalk\CatTalk2.0\AndroidManifest.xml:17:22-76
uses-permission#android.permission.WRITE_EXTERNAL_STORAGE
ADDED from CatTalk\CatTalk2.0\AndroidManifest.xml:18:5-81
	android:name
		ADDED from CatTalk\CatTalk2.0\AndroidManifest.xml:18:22-78
uses-permission#android.permission.MOUNT_UNMOUNT_FILESYSTEMS
ADDED from CatTalk\CatTalk2.0\AndroidManifest.xml:19:5-84
	android:name
		ADDED from CatTalk\CatTalk2.0\AndroidManifest.xml:19:22-81
uses-permission#android.permission.ACCESS_FINE_LOCATION
ADDED from CatTalk\CatTalk2.0\AndroidManifest.xml:20:5-79
	android:name
		ADDED from CatTalk\CatTalk2.0\AndroidManifest.xml:20:22-76
uses-permission#android.permission.GET_TASKS
ADDED from CatTalk\CatTalk2.0\AndroidManifest.xml:21:5-68
	android:name
		ADDED from CatTalk\CatTalk2.0\AndroidManifest.xml:21:22-65
uses-permission#android.permission.ACCESS_WIFI_STATE
ADDED from CatTalk\CatTalk2.0\AndroidManifest.xml:22:5-76
	android:name
		ADDED from CatTalk\CatTalk2.0\AndroidManifest.xml:22:22-73
uses-permission#android.permission.CHANGE_WIFI_STATE
ADDED from CatTalk\CatTalk2.0\AndroidManifest.xml:23:5-76
	android:name
		ADDED from CatTalk\CatTalk2.0\AndroidManifest.xml:23:22-73
uses-permission#android.permission.WAKE_LOCK
ADDED from CatTalk\CatTalk2.0\AndroidManifest.xml:24:5-68
	android:name
		ADDED from CatTalk\CatTalk2.0\AndroidManifest.xml:24:22-65
uses-permission#android.permission.MODIFY_AUDIO_SETTINGS
ADDED from CatTalk\CatTalk2.0\AndroidManifest.xml:25:5-80
	android:name
		ADDED from CatTalk\CatTalk2.0\AndroidManifest.xml:25:22-77
uses-permission#android.permission.READ_PHONE_STATE
ADDED from CatTalk\CatTalk2.0\AndroidManifest.xml:26:5-75
	android:name
		ADDED from CatTalk\CatTalk2.0\AndroidManifest.xml:26:22-72
uses-permission#android.permission.RECEIVE_BOOT_COMPLETED
ADDED from CatTalk\CatTalk2.0\AndroidManifest.xml:27:5-81
	android:name
		ADDED from CatTalk\CatTalk2.0\AndroidManifest.xml:27:22-78
uses-permission#android.permission.USE_CREDENTIALS
ADDED from CatTalk\CatTalk2.0\AndroidManifest.xml:28:5-74
	android:name
		ADDED from CatTalk\CatTalk2.0\AndroidManifest.xml:28:22-71
uses-permission#com.android.launcher.permission.READ_SETTINGS
ADDED from CatTalk\CatTalk2.0\AndroidManifest.xml:29:5-85
	android:name
		ADDED from CatTalk\CatTalk2.0\AndroidManifest.xml:29:22-82
uses-permission#android.permission.BROADCAST_STICKY
ADDED from CatTalk\CatTalk2.0\AndroidManifest.xml:30:5-75
	android:name
		ADDED from CatTalk\CatTalk2.0\AndroidManifest.xml:30:22-72
uses-permission#android.permission.WRITE_SETTINGS
ADDED from CatTalk\CatTalk2.0\AndroidManifest.xml:31:5-73
	android:name
		ADDED from CatTalk\CatTalk2.0\AndroidManifest.xml:31:22-70
uses-permission#android.permission.REQUEST_IGNORE_BATTERY_OPTIMIZATIONS
ADDED from CatTalk\CatTalk2.0\AndroidManifest.xml:32:5-95
	android:name
		ADDED from CatTalk\CatTalk2.0\AndroidManifest.xml:32:22-92
uses-permission#com.google.android.c2dm.permission.RECEIVE
ADDED from CatTalk\CatTalk2.0\AndroidManifest.xml:35:5-82
	android:name
		ADDED from CatTalk\CatTalk2.0\AndroidManifest.xml:35:22-79
permission#com.hyphenate.chatuidemo.permission.C2D_MESSAGE
ADDED from CatTalk\CatTalk2.0\AndroidManifest.xml:37:5-39:47
	android:protectionLevel
		ADDED from CatTalk\CatTalk2.0\AndroidManifest.xml:39:9-44
	android:name
		ADDED from CatTalk\CatTalk2.0\AndroidManifest.xml:38:9-71
uses-permission#com.hyphenate.chatuidemo.permission.C2D_MESSAGE
ADDED from CatTalk\CatTalk2.0\AndroidManifest.xml:41:5-87
	android:name
		ADDED from CatTalk\CatTalk2.0\AndroidManifest.xml:41:22-84
permission#com.hyphenate.chatuidemo.permission.MIPUSH_RECEIVE
ADDED from CatTalk\CatTalk2.0\AndroidManifest.xml:43:5-45:55
	android:protectionLevel
		ADDED from CatTalk\CatTalk2.0\AndroidManifest.xml:45:9-52
	android:name
		ADDED from CatTalk\CatTalk2.0\AndroidManifest.xml:44:9-74
uses-permission#com.hyphenate.chatuidemo.permission.MIPUSH_RECEIVE
ADDED from CatTalk\CatTalk2.0\AndroidManifest.xml:47:5-90
	android:name
		ADDED from CatTalk\CatTalk2.0\AndroidManifest.xml:47:22-87
application
ADDED from CatTalk\CatTalk2.0\AndroidManifest.xml:49:5-519:19
	android:label
		ADDED from CatTalk\CatTalk2.0\AndroidManifest.xml:53:9-41
	android:allowBackup
		ADDED from CatTalk\CatTalk2.0\AndroidManifest.xml:51:9-35
	android:icon
		ADDED from CatTalk\CatTalk2.0\AndroidManifest.xml:52:9-48
	android:name
		ADDED from CatTalk\CatTalk2.0\AndroidManifest.xml:50:9-57
activity#com.kevin.cattalk.ui.MainActivity
ADDED from CatTalk\CatTalk2.0\AndroidManifest.xml:54:9-59:55
	android:screenOrientation
		ADDED from CatTalk\CatTalk2.0\AndroidManifest.xml:57:13-49
	android:launchMode
		ADDED from CatTalk\CatTalk2.0\AndroidManifest.xml:56:13-44
	android:windowSoftInputMode
		ADDED from CatTalk\CatTalk2.0\AndroidManifest.xml:59:13-52
	android:theme
		ADDED from CatTalk\CatTalk2.0\AndroidManifest.xml:58:13-52
	android:name
		ADDED from CatTalk\CatTalk2.0\AndroidManifest.xml:55:13-61
activity#com.kevin.cattalk.ui.SplashActivity
ADDED from CatTalk\CatTalk2.0\AndroidManifest.xml:62:9-71:20
	android:screenOrientation
		ADDED from CatTalk\CatTalk2.0\AndroidManifest.xml:64:13-49
	android:theme
		ADDED from CatTalk\CatTalk2.0\AndroidManifest.xml:65:13-52
	android:name
		ADDED from CatTalk\CatTalk2.0\AndroidManifest.xml:63:13-63
intent-filter#android.intent.action.MAIN+android.intent.category.LAUNCHER
ADDED from CatTalk\CatTalk2.0\AndroidManifest.xml:66:13-70:29
action#android.intent.action.MAIN
ADDED from CatTalk\CatTalk2.0\AndroidManifest.xml:67:17-69
	android:name
		ADDED from CatTalk\CatTalk2.0\AndroidManifest.xml:67:25-66
category#android.intent.category.LAUNCHER
ADDED from CatTalk\CatTalk2.0\AndroidManifest.xml:69:17-77
	android:name
		ADDED from CatTalk\CatTalk2.0\AndroidManifest.xml:69:27-74
activity#com.kevin.cattalk.ui.LoginActivity
ADDED from CatTalk\CatTalk2.0\AndroidManifest.xml:74:9-78:71
	android:screenOrientation
		ADDED from CatTalk\CatTalk2.0\AndroidManifest.xml:76:13-49
	android:windowSoftInputMode
		ADDED from CatTalk\CatTalk2.0\AndroidManifest.xml:78:13-68
	android:theme
		ADDED from CatTalk\CatTalk2.0\AndroidManifest.xml:77:13-52
	android:name
		ADDED from CatTalk\CatTalk2.0\AndroidManifest.xml:75:13-62
activity#com.kevin.cattalk.ui.RegisterActivity
ADDED from CatTalk\CatTalk2.0\AndroidManifest.xml:81:9-85:71
	android:screenOrientation
		ADDED from CatTalk\CatTalk2.0\AndroidManifest.xml:83:13-49
	android:windowSoftInputMode
		ADDED from CatTalk\CatTalk2.0\AndroidManifest.xml:85:13-68
	android:theme
		ADDED from CatTalk\CatTalk2.0\AndroidManifest.xml:84:13-52
	android:name
		ADDED from CatTalk\CatTalk2.0\AndroidManifest.xml:82:13-65
activity#com.kevin.cattalk.ui.ChatActivity
ADDED from CatTalk\CatTalk2.0\AndroidManifest.xml:87:9-92:58
	android:screenOrientation
		ADDED from CatTalk\CatTalk2.0\AndroidManifest.xml:90:13-49
	android:launchMode
		ADDED from CatTalk\CatTalk2.0\AndroidManifest.xml:89:13-44
	android:windowSoftInputMode
		ADDED from CatTalk\CatTalk2.0\AndroidManifest.xml:92:13-55
	android:theme
		ADDED from CatTalk\CatTalk2.0\AndroidManifest.xml:91:13-52
	android:name
		ADDED from CatTalk\CatTalk2.0\AndroidManifest.xml:88:13-61
activity#com.kevin.cattalk.ui.AddContactActivity
ADDED from CatTalk\CatTalk2.0\AndroidManifest.xml:94:9-98:58
	android:screenOrientation
		ADDED from CatTalk\CatTalk2.0\AndroidManifest.xml:96:13-49
	android:windowSoftInputMode
		ADDED from CatTalk\CatTalk2.0\AndroidManifest.xml:98:13-55
	android:theme
		ADDED from CatTalk\CatTalk2.0\AndroidManifest.xml:97:13-52
	android:name
		ADDED from CatTalk\CatTalk2.0\AndroidManifest.xml:95:13-67
activity#com.kevin.cattalk.ui.GroupDetailsActivity
ADDED from CatTalk\CatTalk2.0\AndroidManifest.xml:100:9-103:55
	android:screenOrientation
		ADDED from CatTalk\CatTalk2.0\AndroidManifest.xml:102:13-49
	android:theme
		ADDED from CatTalk\CatTalk2.0\AndroidManifest.xml:103:13-52
	android:name
		ADDED from CatTalk\CatTalk2.0\AndroidManifest.xml:101:13-69
activity#com.kevin.cattalk.ui.GroupsActivity
ADDED from CatTalk\CatTalk2.0\AndroidManifest.xml:105:9-109:55
	android:screenOrientation
		ADDED from CatTalk\CatTalk2.0\AndroidManifest.xml:107:13-49
	android:windowSoftInputMode
		ADDED from CatTalk\CatTalk2.0\AndroidManifest.xml:109:13-52
	android:theme
		ADDED from CatTalk\CatTalk2.0\AndroidManifest.xml:108:13-52
	android:name
		ADDED from CatTalk\CatTalk2.0\AndroidManifest.xml:106:13-63
activity#com.kevin.cattalk.ui.ChatRoomDetailsActivity
ADDED from CatTalk\CatTalk2.0\AndroidManifest.xml:112:9-115:55
	android:screenOrientation
		ADDED from CatTalk\CatTalk2.0\AndroidManifest.xml:114:13-49
	android:theme
		ADDED from CatTalk\CatTalk2.0\AndroidManifest.xml:115:13-52
	android:name
		ADDED from CatTalk\CatTalk2.0\AndroidManifest.xml:113:13-72
activity#com.kevin.cattalk.ui.NewChatRoomActivity
ADDED from CatTalk\CatTalk2.0\AndroidManifest.xml:117:9-121:55
	android:screenOrientation
		ADDED from CatTalk\CatTalk2.0\AndroidManifest.xml:119:13-49
	android:windowSoftInputMode
		ADDED from CatTalk\CatTalk2.0\AndroidManifest.xml:121:13-52
	android:theme
		ADDED from CatTalk\CatTalk2.0\AndroidManifest.xml:120:13-52
	android:name
		ADDED from CatTalk\CatTalk2.0\AndroidManifest.xml:118:13-68
activity#com.kevin.cattalk.ui.NewGroupActivity
ADDED from CatTalk\CatTalk2.0\AndroidManifest.xml:124:9-128:55
	android:screenOrientation
		ADDED from CatTalk\CatTalk2.0\AndroidManifest.xml:126:13-49
	android:windowSoftInputMode
		ADDED from CatTalk\CatTalk2.0\AndroidManifest.xml:128:13-52
	android:theme
		ADDED from CatTalk\CatTalk2.0\AndroidManifest.xml:127:13-52
	android:name
		ADDED from CatTalk\CatTalk2.0\AndroidManifest.xml:125:13-65
activity#com.kevin.cattalk.ui.ExitGroupDialog
ADDED from CatTalk\CatTalk2.0\AndroidManifest.xml:130:9-133:58
	android:screenOrientation
		ADDED from CatTalk\CatTalk2.0\AndroidManifest.xml:132:13-49
	android:theme
		ADDED from CatTalk\CatTalk2.0\AndroidManifest.xml:133:13-55
	android:name
		ADDED from CatTalk\CatTalk2.0\AndroidManifest.xml:131:13-64
activity#com.kevin.cattalk.ui.GroupPickContactsActivity
ADDED from CatTalk\CatTalk2.0\AndroidManifest.xml:135:9-139:55
	android:screenOrientation
		ADDED from CatTalk\CatTalk2.0\AndroidManifest.xml:137:13-49
	android:windowSoftInputMode
		ADDED from CatTalk\CatTalk2.0\AndroidManifest.xml:139:13-52
	android:theme
		ADDED from CatTalk\CatTalk2.0\AndroidManifest.xml:138:13-52
	android:name
		ADDED from CatTalk\CatTalk2.0\AndroidManifest.xml:136:13-74
activity#com.kevin.cattalk.ui.PickAtUserActivity
ADDED from CatTalk\CatTalk2.0\AndroidManifest.xml:140:9-143:55
	android:screenOrientation
		ADDED from CatTalk\CatTalk2.0\AndroidManifest.xml:142:13-49
	android:theme
		ADDED from CatTalk\CatTalk2.0\AndroidManifest.xml:143:13-52
	android:name
		ADDED from CatTalk\CatTalk2.0\AndroidManifest.xml:141:13-67
activity#com.hyphenate.easeui.ui.EaseBaiduMapActivity
ADDED from CatTalk\CatTalk2.0\AndroidManifest.xml:145:9-148:55
	android:screenOrientation
		ADDED from CatTalk\CatTalk2.0\AndroidManifest.xml:147:13-49
	android:theme
		ADDED from CatTalk\CatTalk2.0\AndroidManifest.xml:148:13-52
	android:name
		ADDED from CatTalk\CatTalk2.0\AndroidManifest.xml:146:13-72
activity#com.kevin.cattalk.ui.NewFriendsMsgActivity
ADDED from CatTalk\CatTalk2.0\AndroidManifest.xml:151:9-154:55
	android:screenOrientation
		ADDED from CatTalk\CatTalk2.0\AndroidManifest.xml:153:13-49
	android:theme
		ADDED from CatTalk\CatTalk2.0\AndroidManifest.xml:154:13-52
	android:name
		ADDED from CatTalk\CatTalk2.0\AndroidManifest.xml:152:13-70
activity#com.kevin.cattalk.ui.ForwardMessageActivity
ADDED from CatTalk\CatTalk2.0\AndroidManifest.xml:156:9-160:55
	android:screenOrientation
		ADDED from CatTalk\CatTalk2.0\AndroidManifest.xml:158:13-49
	android:windowSoftInputMode
		ADDED from CatTalk\CatTalk2.0\AndroidManifest.xml:160:13-52
	android:theme
		ADDED from CatTalk\CatTalk2.0\AndroidManifest.xml:159:13-52
	android:name
		ADDED from CatTalk\CatTalk2.0\AndroidManifest.xml:157:13-71
activity#com.kevin.cattalk.ui.ContextMenuActivity
ADDED from CatTalk\CatTalk2.0\AndroidManifest.xml:162:9-165:52
	android:screenOrientation
		ADDED from CatTalk\CatTalk2.0\AndroidManifest.xml:164:13-49
	android:theme
		ADDED from CatTalk\CatTalk2.0\AndroidManifest.xml:165:13-49
	android:name
		ADDED from CatTalk\CatTalk2.0\AndroidManifest.xml:163:13-68
activity#com.hyphenate.easeui.ui.EaseShowBigImageActivity
ADDED from CatTalk\CatTalk2.0\AndroidManifest.xml:167:9-170:55
	android:screenOrientation
		ADDED from CatTalk\CatTalk2.0\AndroidManifest.xml:169:13-49
	android:theme
		ADDED from CatTalk\CatTalk2.0\AndroidManifest.xml:170:13-52
	android:name
		ADDED from CatTalk\CatTalk2.0\AndroidManifest.xml:168:13-76
activity#com.hyphenate.easeui.ui.EaseShowNormalFileActivity
ADDED from CatTalk\CatTalk2.0\AndroidManifest.xml:172:9-175:55
	android:screenOrientation
		ADDED from CatTalk\CatTalk2.0\AndroidManifest.xml:174:13-49
	android:theme
		ADDED from CatTalk\CatTalk2.0\AndroidManifest.xml:175:13-52
	android:name
		ADDED from CatTalk\CatTalk2.0\AndroidManifest.xml:173:13-78
activity#com.kevin.cattalk.ui.BlacklistActivity
ADDED from CatTalk\CatTalk2.0\AndroidManifest.xml:177:9-180:55
	android:screenOrientation
		ADDED from CatTalk\CatTalk2.0\AndroidManifest.xml:179:13-49
	android:theme
		ADDED from CatTalk\CatTalk2.0\AndroidManifest.xml:180:13-52
	android:name
		ADDED from CatTalk\CatTalk2.0\AndroidManifest.xml:178:13-66
activity#com.kevin.cattalk.ui.PublicGroupsActivity
ADDED from CatTalk\CatTalk2.0\AndroidManifest.xml:183:9-187:55
	android:screenOrientation
		ADDED from CatTalk\CatTalk2.0\AndroidManifest.xml:185:13-49
	android:windowSoftInputMode
		ADDED from CatTalk\CatTalk2.0\AndroidManifest.xml:187:13-52
	android:theme
		ADDED from CatTalk\CatTalk2.0\AndroidManifest.xml:186:13-52
	android:name
		ADDED from CatTalk\CatTalk2.0\AndroidManifest.xml:184:13-69
activity#com.kevin.cattalk.ui.PublicChatRoomsActivity
ADDED from CatTalk\CatTalk2.0\AndroidManifest.xml:188:9-192:55
	android:screenOrientation
		ADDED from CatTalk\CatTalk2.0\AndroidManifest.xml:190:13-49
	android:windowSoftInputMode
		ADDED from CatTalk\CatTalk2.0\AndroidManifest.xml:192:13-52
	android:theme
		ADDED from CatTalk\CatTalk2.0\AndroidManifest.xml:191:13-52
	android:name
		ADDED from CatTalk\CatTalk2.0\AndroidManifest.xml:189:13-72
activity#com.kevin.cattalk.ui.VoiceCallActivity
ADDED from CatTalk\CatTalk2.0\AndroidManifest.xml:195:9-199:51
	android:screenOrientation
		ADDED from CatTalk\CatTalk2.0\AndroidManifest.xml:198:13-49
	android:launchMode
		ADDED from CatTalk\CatTalk2.0\AndroidManifest.xml:197:13-44
	android:theme
		ADDED from CatTalk\CatTalk2.0\AndroidManifest.xml:199:13-48
	android:name
		ADDED from CatTalk\CatTalk2.0\AndroidManifest.xml:196:13-66
activity#com.kevin.cattalk.ui.VideoCallActivity
ADDED from CatTalk\CatTalk2.0\AndroidManifest.xml:201:9-206:55
	android:screenOrientation
		ADDED from CatTalk\CatTalk2.0\AndroidManifest.xml:205:13-49
	android:launchMode
		ADDED from CatTalk\CatTalk2.0\AndroidManifest.xml:204:13-44
	android:configChanges
		ADDED from CatTalk\CatTalk2.0\AndroidManifest.xml:203:13-74
	android:theme
		ADDED from CatTalk\CatTalk2.0\AndroidManifest.xml:206:13-52
	android:name
		ADDED from CatTalk\CatTalk2.0\AndroidManifest.xml:202:13-66
activity#com.kevin.cattalk.ui.GroupSimpleDetailActivity
ADDED from CatTalk\CatTalk2.0\AndroidManifest.xml:208:9-211:55
	android:screenOrientation
		ADDED from CatTalk\CatTalk2.0\AndroidManifest.xml:210:13-49
	android:theme
		ADDED from CatTalk\CatTalk2.0\AndroidManifest.xml:211:13-52
	android:name
		ADDED from CatTalk\CatTalk2.0\AndroidManifest.xml:209:13-74
activity#com.kevin.cattalk.ui.GroupBlacklistActivity
ADDED from CatTalk\CatTalk2.0\AndroidManifest.xml:213:9-216:55
	android:screenOrientation
		ADDED from CatTalk\CatTalk2.0\AndroidManifest.xml:215:13-49
	android:theme
		ADDED from CatTalk\CatTalk2.0\AndroidManifest.xml:216:13-52
	android:name
		ADDED from CatTalk\CatTalk2.0\AndroidManifest.xml:214:13-71
activity#com.kevin.cattalk.ui.GroupSearchMessageActivity
ADDED from CatTalk\CatTalk2.0\AndroidManifest.xml:217:9-221:58
	android:screenOrientation
		ADDED from CatTalk\CatTalk2.0\AndroidManifest.xml:219:13-49
	android:windowSoftInputMode
		ADDED from CatTalk\CatTalk2.0\AndroidManifest.xml:221:13-55
	android:theme
		ADDED from CatTalk\CatTalk2.0\AndroidManifest.xml:220:13-52
	android:name
		ADDED from CatTalk\CatTalk2.0\AndroidManifest.xml:218:13-75
activity#com.kevin.cattalk.ui.PublicGroupsSeachActivity
ADDED from CatTalk\CatTalk2.0\AndroidManifest.xml:222:9-225:55
	android:screenOrientation
		ADDED from CatTalk\CatTalk2.0\AndroidManifest.xml:224:13-49
	android:theme
		ADDED from CatTalk\CatTalk2.0\AndroidManifest.xml:225:13-52
	android:name
		ADDED from CatTalk\CatTalk2.0\AndroidManifest.xml:223:13-74
activity#com.kevin.cattalk.ui.EditActivity
ADDED from CatTalk\CatTalk2.0\AndroidManifest.xml:226:9-230:58
	android:screenOrientation
		ADDED from CatTalk\CatTalk2.0\AndroidManifest.xml:228:13-49
	android:windowSoftInputMode
		ADDED from CatTalk\CatTalk2.0\AndroidManifest.xml:230:13-55
	android:theme
		ADDED from CatTalk\CatTalk2.0\AndroidManifest.xml:229:13-52
	android:name
		ADDED from CatTalk\CatTalk2.0\AndroidManifest.xml:227:13-61
activity#com.hyphenate.easeui.ui.EaseShowVideoActivity
ADDED from CatTalk\CatTalk2.0\AndroidManifest.xml:231:9-235:63
	android:screenOrientation
		ADDED from CatTalk\CatTalk2.0\AndroidManifest.xml:233:13-49
	android:windowSoftInputMode
		ADDED from CatTalk\CatTalk2.0\AndroidManifest.xml:235:13-60
	android:theme
		ADDED from CatTalk\CatTalk2.0\AndroidManifest.xml:234:13-52
	android:name
		ADDED from CatTalk\CatTalk2.0\AndroidManifest.xml:232:13-73
activity#com.kevin.cattalk.ui.ImageGridActivity
ADDED from CatTalk\CatTalk2.0\AndroidManifest.xml:237:9-241:63
	android:screenOrientation
		ADDED from CatTalk\CatTalk2.0\AndroidManifest.xml:239:13-49
	android:windowSoftInputMode
		ADDED from CatTalk\CatTalk2.0\AndroidManifest.xml:241:13-60
	android:theme
		ADDED from CatTalk\CatTalk2.0\AndroidManifest.xml:240:13-52
	android:name
		ADDED from CatTalk\CatTalk2.0\AndroidManifest.xml:238:13-66
activity#com.kevin.cattalk.ui.RecorderVideoActivity
ADDED from CatTalk\CatTalk2.0\AndroidManifest.xml:242:9-246:63
	android:screenOrientation
		ADDED from CatTalk\CatTalk2.0\AndroidManifest.xml:244:13-49
	android:windowSoftInputMode
		ADDED from CatTalk\CatTalk2.0\AndroidManifest.xml:246:13-60
	android:theme
		ADDED from CatTalk\CatTalk2.0\AndroidManifest.xml:245:13-52
	android:name
		ADDED from CatTalk\CatTalk2.0\AndroidManifest.xml:243:13-70
activity#com.kevin.cattalk.ui.DiagnoseActivity
ADDED from CatTalk\CatTalk2.0\AndroidManifest.xml:248:9-252:63
	android:screenOrientation
		ADDED from CatTalk\CatTalk2.0\AndroidManifest.xml:250:13-49
	android:windowSoftInputMode
		ADDED from CatTalk\CatTalk2.0\AndroidManifest.xml:252:13-60
	android:theme
		ADDED from CatTalk\CatTalk2.0\AndroidManifest.xml:251:13-52
	android:name
		ADDED from CatTalk\CatTalk2.0\AndroidManifest.xml:249:13-65
activity#com.kevin.cattalk.ui.OfflinePushNickActivity
ADDED from CatTalk\CatTalk2.0\AndroidManifest.xml:255:9-259:63
	android:screenOrientation
		ADDED from CatTalk\CatTalk2.0\AndroidManifest.xml:257:13-49
	android:windowSoftInputMode
		ADDED from CatTalk\CatTalk2.0\AndroidManifest.xml:259:13-60
	android:theme
		ADDED from CatTalk\CatTalk2.0\AndroidManifest.xml:258:13-52
	android:name
		ADDED from CatTalk\CatTalk2.0\AndroidManifest.xml:256:13-72
activity#com.kevin.cattalk.ui.RobotsActivity
ADDED from CatTalk\CatTalk2.0\AndroidManifest.xml:261:9-265:63
	android:screenOrientation
		ADDED from CatTalk\CatTalk2.0\AndroidManifest.xml:263:13-49
	android:windowSoftInputMode
		ADDED from CatTalk\CatTalk2.0\AndroidManifest.xml:265:13-60
	android:theme
		ADDED from CatTalk\CatTalk2.0\AndroidManifest.xml:264:13-52
	android:name
		ADDED from CatTalk\CatTalk2.0\AndroidManifest.xml:262:13-63
activity#com.kevin.cattalk.ui.UserProfileActivity
ADDED from CatTalk\CatTalk2.0\AndroidManifest.xml:267:9-270:55
	android:screenOrientation
		ADDED from CatTalk\CatTalk2.0\AndroidManifest.xml:269:13-49
	android:theme
		ADDED from CatTalk\CatTalk2.0\AndroidManifest.xml:270:13-52
	android:name
		ADDED from CatTalk\CatTalk2.0\AndroidManifest.xml:268:13-68
activity#com.kevin.cattalk.ui.SetServersActivity
ADDED from CatTalk\CatTalk2.0\AndroidManifest.xml:271:9-274:55
	android:screenOrientation
		ADDED from CatTalk\CatTalk2.0\AndroidManifest.xml:273:13-49
	android:theme
		ADDED from CatTalk\CatTalk2.0\AndroidManifest.xml:274:13-52
	android:name
		ADDED from CatTalk\CatTalk2.0\AndroidManifest.xml:272:13-67
activity#com.kevin.cattalk.ui.OfflinePushSettingsActivity
ADDED from CatTalk\CatTalk2.0\AndroidManifest.xml:275:9-278:55
	android:screenOrientation
		ADDED from CatTalk\CatTalk2.0\AndroidManifest.xml:277:13-49
	android:theme
		ADDED from CatTalk\CatTalk2.0\AndroidManifest.xml:278:13-52
	android:name
		ADDED from CatTalk\CatTalk2.0\AndroidManifest.xml:276:13-76
activity#com.kevin.cattalk.ui.CallOptionActivity
ADDED from CatTalk\CatTalk2.0\AndroidManifest.xml:282:9-285:55
	android:screenOrientation
		ADDED from CatTalk\CatTalk2.0\AndroidManifest.xml:284:13-49
	android:theme
		ADDED from CatTalk\CatTalk2.0\AndroidManifest.xml:285:13-52
	android:name
		ADDED from CatTalk\CatTalk2.0\AndroidManifest.xml:283:13-67
activity#com.easemob.redpacketui.ui.activity.RPRedPacketActivity
ADDED from CatTalk\CatTalk2.0\AndroidManifest.xml:289:9-293:68
	android:screenOrientation
		ADDED from CatTalk\CatTalk2.0\AndroidManifest.xml:291:13-49
	android:windowSoftInputMode
		ADDED from CatTalk\CatTalk2.0\AndroidManifest.xml:293:13-65
	android:theme
		ADDED from CatTalk\CatTalk2.0\AndroidManifest.xml:292:13-52
	android:name
		ADDED from CatTalk\CatTalk2.0\AndroidManifest.xml:290:13-83
activity#com.easemob.redpacketui.ui.activity.RPDetailActivity
ADDED from CatTalk\CatTalk2.0\AndroidManifest.xml:295:9-299:55
	android:screenOrientation
		ADDED from CatTalk\CatTalk2.0\AndroidManifest.xml:297:13-49
	android:windowSoftInputMode
		ADDED from CatTalk\CatTalk2.0\AndroidManifest.xml:299:13-52
	android:theme
		ADDED from CatTalk\CatTalk2.0\AndroidManifest.xml:298:13-52
	android:name
		ADDED from CatTalk\CatTalk2.0\AndroidManifest.xml:296:13-80
activity#com.easemob.redpacketui.ui.activity.RPRecordActivity
ADDED from CatTalk\CatTalk2.0\AndroidManifest.xml:301:9-305:55
	android:screenOrientation
		ADDED from CatTalk\CatTalk2.0\AndroidManifest.xml:303:13-49
	android:windowSoftInputMode
		ADDED from CatTalk\CatTalk2.0\AndroidManifest.xml:305:13-52
	android:theme
		ADDED from CatTalk\CatTalk2.0\AndroidManifest.xml:304:13-52
	android:name
		ADDED from CatTalk\CatTalk2.0\AndroidManifest.xml:302:13-80
activity#com.easemob.redpacketui.ui.activity.RPGroupMemberActivity
ADDED from CatTalk\CatTalk2.0\AndroidManifest.xml:307:9-311:67
	android:screenOrientation
		ADDED from CatTalk\CatTalk2.0\AndroidManifest.xml:309:13-49
	android:windowSoftInputMode
		ADDED from CatTalk\CatTalk2.0\AndroidManifest.xml:311:13-64
	android:theme
		ADDED from CatTalk\CatTalk2.0\AndroidManifest.xml:310:13-52
	android:name
		ADDED from CatTalk\CatTalk2.0\AndroidManifest.xml:308:13-85
activity#com.alipay.sdk.app.H5PayActivity
ADDED from CatTalk\CatTalk2.0\AndroidManifest.xml:313:9-318:70
	android:screenOrientation
		ADDED from CatTalk\CatTalk2.0\AndroidManifest.xml:317:13-47
	android:exported
		ADDED from CatTalk\CatTalk2.0\AndroidManifest.xml:316:13-37
	android:windowSoftInputMode
		ADDED from CatTalk\CatTalk2.0\AndroidManifest.xml:318:13-67
	android:configChanges
		ADDED from CatTalk\CatTalk2.0\AndroidManifest.xml:315:13-85
	android:name
		ADDED from CatTalk\CatTalk2.0\AndroidManifest.xml:314:13-60
activity#com.alipay.sdk.app.H5AuthActivity
ADDED from CatTalk\CatTalk2.0\AndroidManifest.xml:320:9-325:69
	android:screenOrientation
		ADDED from CatTalk\CatTalk2.0\AndroidManifest.xml:324:13-47
	android:exported
		ADDED from CatTalk\CatTalk2.0\AndroidManifest.xml:323:13-37
	android:windowSoftInputMode
		ADDED from CatTalk\CatTalk2.0\AndroidManifest.xml:325:13-67
	android:configChanges
		ADDED from CatTalk\CatTalk2.0\AndroidManifest.xml:322:13-74
	android:name
		ADDED from CatTalk\CatTalk2.0\AndroidManifest.xml:321:13-61
receiver#com.kevin.cattalk.receiver.StartServiceReceiver
ADDED from CatTalk\CatTalk2.0\AndroidManifest.xml:362:9-369:20
	android:name
		ADDED from CatTalk\CatTalk2.0\AndroidManifest.xml:362:19-81
intent-filter#android.intent.action.BOOT_COMPLETED+android.intent.action.QUICKBOOT_POWERON+android.intent.category.LAUNCHER
ADDED from CatTalk\CatTalk2.0\AndroidManifest.xml:363:13-368:29
	android:priority
		ADDED from CatTalk\CatTalk2.0\AndroidManifest.xml:363:28-51
action#android.intent.action.BOOT_COMPLETED
ADDED from CatTalk\CatTalk2.0\AndroidManifest.xml:364:17-79
	android:name
		ADDED from CatTalk\CatTalk2.0\AndroidManifest.xml:364:25-76
action#android.intent.action.QUICKBOOT_POWERON
ADDED from CatTalk\CatTalk2.0\AndroidManifest.xml:365:17-82
	android:name
		ADDED from CatTalk\CatTalk2.0\AndroidManifest.xml:365:25-79
receiver#com.hyphenate.chat.EMGCMBroadcastReceiver
ADDED from CatTalk\CatTalk2.0\AndroidManifest.xml:372:9-381:20
	android:exported
		ADDED from CatTalk\CatTalk2.0\AndroidManifest.xml:374:13-36
	android:permission
		ADDED from CatTalk\CatTalk2.0\AndroidManifest.xml:375:13-73
	android:name
		ADDED from CatTalk\CatTalk2.0\AndroidManifest.xml:373:13-69
intent-filter#com.google.android.c2dm.intent.RECEIVE+com.hyphenate.chatuidemo
ADDED from CatTalk\CatTalk2.0\AndroidManifest.xml:376:13-380:29
action#com.google.android.c2dm.intent.RECEIVE
ADDED from CatTalk\CatTalk2.0\AndroidManifest.xml:377:17-81
	android:name
		ADDED from CatTalk\CatTalk2.0\AndroidManifest.xml:377:25-78
category#com.hyphenate.chatuidemo
ADDED from CatTalk\CatTalk2.0\AndroidManifest.xml:379:17-69
	android:name
		ADDED from CatTalk\CatTalk2.0\AndroidManifest.xml:379:27-66
service#com.hyphenate.chat.EMGCMListenerService
ADDED from CatTalk\CatTalk2.0\AndroidManifest.xml:383:9-385:40
	android:exported
		ADDED from CatTalk\CatTalk2.0\AndroidManifest.xml:385:13-37
	android:name
		ADDED from CatTalk\CatTalk2.0\AndroidManifest.xml:384:13-67
receiver#com.kevin.cattalk.receiver.GCMPushBroadCast
ADDED from CatTalk\CatTalk2.0\AndroidManifest.xml:387:9-395:20
	android:exported
		ADDED from CatTalk\CatTalk2.0\AndroidManifest.xml:389:13-37
	android:name
		ADDED from CatTalk\CatTalk2.0\AndroidManifest.xml:388:13-71
intent-filter#com.hyphenate.chatuidemo+com.hyphenate.sdk.push
ADDED from CatTalk\CatTalk2.0\AndroidManifest.xml:390:13-394:29
action#com.hyphenate.sdk.push
ADDED from CatTalk\CatTalk2.0\AndroidManifest.xml:391:17-65
	android:name
		ADDED from CatTalk\CatTalk2.0\AndroidManifest.xml:391:25-62
service#com.xiaomi.mipush.sdk.PushMessageHandler
ADDED from CatTalk\CatTalk2.0\AndroidManifest.xml:400:9-404:46
	android:enabled
		ADDED from CatTalk\CatTalk2.0\AndroidManifest.xml:402:13-35
	android:exported
		ADDED from CatTalk\CatTalk2.0\AndroidManifest.xml:403:13-36
	tools:ignore
		ADDED from CatTalk\CatTalk2.0\AndroidManifest.xml:404:13-43
	android:name
		ADDED from CatTalk\CatTalk2.0\AndroidManifest.xml:401:13-68
service#com.xiaomi.mipush.sdk.MessageHandleService
ADDED from CatTalk\CatTalk2.0\AndroidManifest.xml:405:9-407:38
	android:enabled
		ADDED from CatTalk\CatTalk2.0\AndroidManifest.xml:407:13-35
	android:name
		ADDED from CatTalk\CatTalk2.0\AndroidManifest.xml:406:13-70
receiver#com.hyphenate.chat.EMMipushReceiver